<?xml version="1.0" encoding="UTF-8"?>
<testng-results ignored="0" total="1" passed="1" failed="0" skipped="0">
  <reporter-output>
  </reporter-output>
  <suite started-at="2023-08-17T23:04:20 IST" name="Default suite" finished-at="2023-08-17T23:04:38 IST" duration-ms="18284">
    <groups>
    </groups>
    <test started-at="2023-08-17T23:04:20 IST" name="Default test" finished-at="2023-08-17T23:04:38 IST" duration-ms="18284">
      <class name="AppiumProjects.SwipeAction">
        <test-method is-config="true" signature="StartAppium()[pri:0, instance:AppiumProjects.SwipeAction@55b699ef]" started-at="2023-08-17T23:04:20 IST" name="StartAppium" finished-at="2023-08-17T23:04:31 IST" duration-ms="11797" status="PASS">
          <reporter-output>
          </reporter-output>
        </test-method> <!-- StartAppium -->
        <test-method signature="scrollInto()[pri:0, instance:AppiumProjects.SwipeAction@55b699ef]" started-at="2023-08-17T23:04:32 IST" name="scrollInto" finished-at="2023-08-17T23:04:37 IST" duration-ms="5467" status="PASS">
          <reporter-output>
          </reporter-output>
        </test-method> <!-- scrollInto -->
        <test-method is-config="true" signature="tearDown()[pri:0, instance:AppiumProjects.SwipeAction@55b699ef]" started-at="2023-08-17T23:04:37 IST" name="tearDown" finished-at="2023-08-17T23:04:38 IST" duration-ms="963" status="PASS">
          <reporter-output>
          </reporter-output>
        </test-method> <!-- tearDown -->
      </class> <!-- AppiumProjects.SwipeAction -->
    </test> <!-- Default test -->
  </suite> <!-- Default suite -->
</testng-results>
