<?xml version="1.0" encoding="UTF-8"?>
<!-- Generated by org.testng.reporters.JUnitXMLReporter -->
<testsuite ignored="0" hostname="INDPRFTCPL1160" failures="0" tests="3" name="Default test" time="2.892" errors="0" timestamp="2023-04-07T18:16:00 IST">
  <testcase classname="Rahulshetty.udemy.PracticeLibraryAPIS.LibraryAPI" name="addBook" time="1.773"/>
  <testcase classname="Rahulshetty.udemy.PracticeLibraryAPIS.LibraryAPI" name="addBook" time="0.611"/>
  <testcase classname="Rahulshetty.udemy.PracticeLibraryAPIS.LibraryAPI" name="addBook" time="0.472"/>
</testsuite> <!-- Default test -->
