<?xml version="1.0" encoding="UTF-8"?>
<testng-results ignored="0" total="0" passed="0" failed="0" skipped="0">
  <reporter-output>
  </reporter-output>
  <suite started-at="2023-07-01T16:00:33 IST" name="Suite Cucumber" finished-at="2023-07-01T16:00:33 IST" duration-ms="180">
    <groups>
      <group name="cucumber">
        <method signature="AbstractTestNGCucumberTests.runScenario(io.cucumber.testng.PickleWrapper, io.cucumber.testng.FeatureWrapper)[pri:0, instance:runnerpackage.TestRunner2@188715b5]" name="runScenario" class="io.cucumber.testng.AbstractTestNGCucumberTests"/>
      </group> <!-- cucumber -->
    </groups>
    <test started-at="2023-07-01T16:00:33 IST" name="Test" finished-at="2023-07-01T16:00:33 IST" duration-ms="180">
      <class name="runnerpackage.TestRunner2">
        <test-method is-config="true" signature="setUpClass(org.testng.ITestContext)[pri:0, instance:runnerpackage.TestRunner2@188715b5]" started-at="2023-07-01T16:00:33 IST" name="setUpClass" finished-at="2023-07-01T16:00:33 IST" duration-ms="154" status="PASS">
          <params>
            <param index="0">
              <value>
                <![CDATA[org.testng.TestRunner@1500b2f3]]>
              </value>
            </param>
          </params>
          <reporter-output>
          </reporter-output>
        </test-method> <!-- setUpClass -->
        <test-method is-config="true" signature="tearDownClass()[pri:0, instance:runnerpackage.TestRunner2@188715b5]" started-at="2023-07-01T16:00:33 IST" name="tearDownClass" finished-at="2023-07-01T16:00:33 IST" duration-ms="8" status="PASS">
          <reporter-output>
          </reporter-output>
        </test-method> <!-- tearDownClass -->
      </class> <!-- runnerpackage.TestRunner2 -->
    </test> <!-- Test -->
  </suite> <!-- Suite Cucumber -->
</testng-results>
