<?xml version="1.0" encoding="UTF-8"?>
<testng-results ignored="0" total="3" passed="3" failed="0" skipped="0">
  <reporter-output>
  </reporter-output>
  <suite started-at="2023-04-07T18:15:57 IST" name="Default suite" finished-at="2023-04-07T18:16:00 IST" duration-ms="2892">
    <groups>
    </groups>
    <test started-at="2023-04-07T18:15:57 IST" name="Default test" finished-at="2023-04-07T18:16:00 IST" duration-ms="2892">
      <class name="Rahulshetty.udemy.PracticeLibraryAPIS.LibraryAPI">
        <test-method signature="addBook(java.lang.String,java.lang.String)[pri:0, instance:Rahulshetty.udemy.PracticeLibraryAPIS.LibraryAPI@1700915]" started-at="2023-04-07T18:15:57 IST" name="addBook" data-provider="newBooks" finished-at="2023-04-07T18:15:59 IST" duration-ms="1773" status="PASS">
          <params>
            <param index="0">
              <value>
                <![CDATA[Stark]]>
              </value>
            </param>
            <param index="1">
              <value>
                <![CDATA[2114]]>
              </value>
            </param>
          </params>
          <reporter-output>
          </reporter-output>
        </test-method> <!-- addBook -->
        <test-method signature="addBook(java.lang.String,java.lang.String)[pri:0, instance:Rahulshetty.udemy.PracticeLibraryAPIS.LibraryAPI@1700915]" started-at="2023-04-07T18:15:59 IST" name="addBook" data-provider="newBooks" finished-at="2023-04-07T18:15:59 IST" duration-ms="611" status="PASS">
          <params>
            <param index="0">
              <value>
                <![CDATA[Rogers]]>
              </value>
            </param>
            <param index="1">
              <value>
                <![CDATA[3232]]>
              </value>
            </param>
          </params>
          <reporter-output>
          </reporter-output>
        </test-method> <!-- addBook -->
        <test-method signature="addBook(java.lang.String,java.lang.String)[pri:0, instance:Rahulshetty.udemy.PracticeLibraryAPIS.LibraryAPI@1700915]" started-at="2023-04-07T18:15:59 IST" name="addBook" data-provider="newBooks" finished-at="2023-04-07T18:16:00 IST" duration-ms="472" status="PASS">
          <params>
            <param index="0">
              <value>
                <![CDATA[Quill]]>
              </value>
            </param>
            <param index="1">
              <value>
                <![CDATA[2243]]>
              </value>
            </param>
          </params>
          <reporter-output>
          </reporter-output>
        </test-method> <!-- addBook -->
      </class> <!-- Rahulshetty.udemy.PracticeLibraryAPIS.LibraryAPI -->
    </test> <!-- Default test -->
  </suite> <!-- Default suite -->
</testng-results>
